0 info it worked if it ends with ok
1 verbose cli [ 'node', '/usr/local/bin/npm', 'install', '--save', 'express' ]
2 info using npm@1.4.28
3 info using node@v0.10.32
4 warn package.json socket-chat-example@0.0.1 No repository field.
5 warn package.json socket-chat-example@0.0.1 No README data
6 verbose readDependencies using package.json deps
7 verbose cache add [ 'express', null ]
8 verbose cache add name=undefined spec="express" args=["express",null]
9 verbose parsed url { protocol: null,
9 verbose parsed url   slashes: null,
9 verbose parsed url   auth: null,
9 verbose parsed url   host: null,
9 verbose parsed url   port: null,
9 verbose parsed url   hostname: null,
9 verbose parsed url   hash: null,
9 verbose parsed url   search: null,
9 verbose parsed url   query: null,
9 verbose parsed url   pathname: 'express',
9 verbose parsed url   path: 'express',
9 verbose parsed url   href: 'express' }
10 silly lockFile f3c62de4-express express
11 verbose lock express /Users/lupin/.npm/f3c62de4-express.lock
12 silly lockFile f3c62de4-express express
13 error Error: Attempt to unlock express, which hasn't been locked
13 error     at unlock (/usr/local/lib/node_modules/npm/lib/utils/locker.js:44:11)
13 error     at cb (/usr/local/lib/node_modules/npm/lib/cache/add-local.js:30:5)
13 error     at /usr/local/lib/node_modules/npm/lib/cache/add-local.js:47:20
13 error     at /usr/local/lib/node_modules/npm/lib/utils/locker.js:30:7
13 error     at cb (/usr/local/lib/node_modules/npm/node_modules/lockfile/lockfile.js:149:38)
13 error     at /usr/local/lib/node_modules/npm/node_modules/lockfile/lockfile.js:177:38
13 error     at Object.oncomplete (fs.js:107:15)
14 error If you need help, you may report this *entire* log,
14 error including the npm and node versions, at:
14 error     <http://github.com/npm/npm/issues>
15 error System Darwin 13.4.0
16 error command "node" "/usr/local/bin/npm" "install" "--save" "express"
17 error cwd /Users/lupin/projects/node.js/hello-world.js/chat
18 error node -v v0.10.32
19 error npm -v 1.4.28
20 verbose exit [ 1, true ]
